
 +++++++++++++++++++++++++++++++++++++++++++++++++++++++++++++++++++
 +  SHELXL -  CRYSTAL STRUCTURE REFINEMENT  -   MULTI-CPU VERSION  +
 +  Copyright(C) George M. Sheldrick 1993-2014     Version 2014/7  +
 +  shelx                      started at 08:36:32 on 21-Jun-2015  +
 +++++++++++++++++++++++++++++++++++++++++++++++++++++++++++++++++++

 Command line parameters: shelx -a50000 -b3000 -c624 -t8

 -a sets the approximate maximum number of atoms including hydrogens.
 -b sets the maximum number of full-matrix parameters (leave unchanged for
 CGLS). For example -b9000 allows refinement of 1000 anisotropic atoms or
 3000 with BLOC 1. For a 32-bit version, -b times the square root of the
 number of threads should not exceed about 65500. -c sets the reflection
 buffer size. This depends on the CPU cache size but will rarely need
 changing. -t sets the number of threads, otherwise the multi-CPU version
 sets this equal to the number of available CPUs. For optimal performance
 on systems with hyperthreading, usually the hyperthreading should be
 switched off or -t used to halve the number of threads; e.g. -t4 rather
 than -t8 for an Intel i7 processor.

 Running  8 threads on  8 processors

  
     shelx.res created by SHELXL-2014/7
  
  
 TITL om_P
 CELL 0.3344 9.351687 8.58117 5.15974 90 106.288 90
 ZERR 2 0.0048 0.0030 0.0010 0 0.026 0
 LATT 1
 SYMM 0.500-x, y, 0.500-z
 SFAC Si Mg Fe Al Ca Na O
 UNIT 1 1 1 1 1 1 1

 V =      397.44     F(000) =     104.0     Mu =   0.73 mm-1      Cell Wt =      214.30    Rho =  0.895

  
 BOND
 FMAP 2
 LIST 4
 PLAN 20
 L.S. 10
  
  
  merg 0
  
 omit -8   9   7
 omit -6   7   3
  
 omit    -1   5   1
 omit     0   0   2
 omit    -2   8   2
  
 WGHT    0.025600    7.329200
 FVAR       0.15969   0.57767   0.63826   0.57943   0.42843
 SI1   1    0.539349    0.348935    0.227101    11.00000    0.00853    0.00711 =
          0.00663   -0.00018    0.00367    0.00050
 SI2   1    0.537921    0.160253    0.730414    11.00000    0.00638    0.00610 =
          0.00587   -0.00119    0.00208    0.00057
 AL1   4    0.250000    0.346005    0.750000    21.00000    0.01340    0.00379 =
          0.00874    0.00000    0.00282    0.00000
 MG2   2    0.250000    0.160434    0.250000    31.00000    0.00260    0.00822 =
          0.00368    0.00000    0.00057    0.00000
 NA3   6    0.250000    0.557102    0.250000    41.00000    0.01219    0.00542 =
          0.00440    0.00000   -0.00589    0.00000
 CA4   5    0.250000    0.947040    0.750000    51.00000    0.01174    0.00876 =
          0.00999    0.00000    0.00293    0.00000
 O1    7    0.361964    0.341381    0.123166    11.00000    0.00580
 O2    7    0.363081    0.175523    0.650896    11.00000    0.01015
 O3    7    0.612417    0.512823    0.316638    11.00000    0.00740
 O4    7    0.604396    0.992099    0.812166    11.00000    0.01201
 O5    7    0.607408    0.271536   -0.002567    11.00000    0.00964
 O6    7    0.603170    0.233182    0.491176    11.00000    0.00858
 HKLF 4

 ** Warning: DISP instructions may be required for this wavelength **


 Covalent radii and connectivity table for  om_P                                                                       
 SI   1.170
 MG   1.600
 FE   1.240
 AL   1.250
 CA   1.970
 NA   1.860
 O    0.660

 Si1 - O3 O1 O5 O6 Na3_$1 Mg2 Ca4_$1 Na3
 Si2 - O2 O4_$13 O6 O5_$9 Ca4_$7 Mg2 Na3_$1 Ca4_$13
 Al1 - O3_$1 O3_$4 O1_$2 O1_$9 O2 O2_$15 Mg2 Mg2_$9 Na3_$9 Na3 Ca4_$13
 Mg2 - O4_$3 O4_$1 O2_$2 O2 O1 O1_$2 Al1 Al1_$5 Si2_$2 Si2 Ca4_$12 Ca4_$13
 Na3 - O1_$2 O1 O3_$3 O3_$1 O6_$1 O6_$3 O5_$4 O5_$11 Si1_$1 Si1_$3 Si2_$1 Si2_$3
 Ca4 - O4_$14 O4_$16 O2_$6 O2_$8 O5_$4 O5_$1 O6_$4 O6_$1 Si2_$3 Si2_$7 Mg2_$10 Mg2_$6
 O1 - Si1 Al1_$5 Mg2 Na3
 O2 - Si2 Al1 Mg2 Ca4_$13
 O3 - Si1 Al1_$1 Na3_$1
 O4 - Si2_$6 Mg2_$1 Ca4_$14
 O5 - Si1 Si2_$5 Ca4_$1 Na3_$11
 O6 - Si2 Si1 Na3_$1 Ca4_$1


 Operators for generating equivalent atoms:

 $1   -x+1, -y+1, -z+1
 $2   -x+1/2, y, -z+1/2
 $3   x-1/2, -y+1, z-1/2
 $4   x-1/2, -y+1, z+1/2
 $5   x, y, z-1
 $6   x, y+1, z
 $7   -x+1, -y+1, -z+2
 $8   -x+1/2, y+1, -z+3/2
 $9   x, y, z+1
 $10  x, y+1, z+1
 $11  -x+1, -y+1, -z
 $12  x, y-1, z-1
 $13  x, y-1, z
 $14  -x+1, -y+2, -z+2
 $15  -x+1/2, y, -z+3/2
 $16  x-1/2, -y+2, z-1/2


   h   k   l       Fo^2      Sigma      Why rejected

   0   0   3        5.05      0.18     observed but should be systematically absent


     972  Reflections read, of which     8  rejected

 -12 =< h =< 11,    -13 =< k =< 12,     -9 =< l =<  8,   Max. 2-theta =   36.96

       1  Systematic absence violations



 Inconsistent equivalents etc.

   h   k   l      Fo^2   Sigma(Fo^2)  N  Esd of mean(Fo^2)

   2   2   0       48.32      0.01    2      2.06
   3   3   0       79.99      0.01    4      1.95
   1   4   0        1.21      0.01    2      0.53
   2   4   0        0.52      0.01    3      0.03
   4   4   0      134.95      0.01    4      4.43
   6   4   0        8.45      0.02    2      0.27
   3   5   0      140.67      0.01    4      4.54
   7   5   0      238.46      0.02    2      5.28
   2   6   0       16.17      0.01    2      0.44
   4   6   0        7.65      0.01    4      0.25
   5   6   0        3.49      0.01    4      0.32
   8   6   0        2.85      0.03    2      1.06
   3   7   0        2.22      0.02    2      0.38
   5   7   0       37.06      0.01    4      0.28
   7   7   0       32.51      0.02    2      0.44
   4   8   0       22.00      0.02    2      0.66
   3   9   0       12.34      0.03    2      0.80
   5   9   0        2.58      0.02    2      0.20
  -1   0   1        3.60      0.01    3      0.20
  -1   1   1        5.64      0.00    4      0.20
  -4   2   1      108.81      0.01    2      4.25
  -3   2   1        2.46      0.01    4      0.26
  -2   2   1      535.36      0.01    2     44.63
  -1   2   1        0.99      0.01    2      0.08
  -5   3   1      338.71      0.02    2     25.21
  -3   3   1      258.41      0.01    4     19.60
  -1   3   1      182.98      0.01    2      0.18
   2   3   1        0.54      0.01    2      0.21
   3   3   1       24.84      0.01    2      2.08
  -4   4   1        1.48      0.01    2      0.49
  -2   4   1       28.04      0.01    4      0.79
  -1   4   1        0.76      0.01    3      0.16
   2   4   1       14.98      0.01    2      1.09
   3   4   1        0.72      0.01    4      0.09
   4   4   1       10.82      0.01    2      0.93
  -7   5   1        2.06      0.02    2      0.18
  -5   5   1        6.63      0.01    4      0.31
  -4   5   1        3.41      0.01    4      0.21
  -2   5   1        1.81      0.01    4      0.19
   3   5   1        5.78      0.01    4      0.17
   5   5   1       12.24      0.01    2      2.58
  -6   6   1       15.80      0.02    4      0.27
  -5   6   1        2.37      0.02    3      0.46
  -4   6   1       12.99      0.02    3      0.34
  -2   6   1       13.13      0.01    4      0.38
   2   6   1        2.13      0.01    2      0.08
   4   6   1        3.67      0.01    4      0.10
  -5   7   1      186.95      0.02    3      2.46
   2   7   1        2.29      0.01    2      0.90
   4   7   1        2.45      0.03    2      0.40

 ** etc. **

     255  Inconsistent equivalents

     416  Unique reflections, of which      0  suppressed

 R(int) = 0.0725     R(sigma) = 0.0471      Friedel opposites merged

 Maximum memory for data reduction =     2796 /     6174


 Number of data for d > 0.527A (CIF: max) and d > 0.833A (CIF: full)
 (ignoring systematic absences):
 Unique reflections found (point group)        416     259
 Unique reflections possible (point group)    2834     721
 Unique reflections found (Laue group)         416     259
 Unique reflections possible (Laue group)     2834     721

 Special position constraints for Al1
 x =  0.2500              z =  0.7500              U23 = 0                  U12 = 0                  sof = 0.50000            
 Input constraints retained (at least in part) for  sof

 Special position constraints for Mg2
 x =  0.2500              z =  0.2500              U23 = 0                  U12 = 0                  sof = 0.50000            
 Input constraints retained (at least in part) for  sof

 Special position constraints for Na3
 x =  0.2500              z =  0.2500              U23 = 0                  U12 = 0                  sof = 0.50000            
 Input constraints retained (at least in part) for  sof

 Special position constraints for Ca4
 x =  0.2500              z =  0.7500              U23 = 0                  U12 = 0                  sof = 0.50000            
 Input constraints retained (at least in part) for  sof


   ** Cell contents from UNIT instruction and atom list do not agree **


 Unit-cell contents from UNIT instruction and atom list resp.

 SI        1.00      8.00
 MG        1.00      2.55
 FE        1.00      0.00
 AL        1.00      2.31
 CA        1.00      1.71
 NA        1.00      2.32
 O         1.00     24.00


 Least-squares cycle   1   Maximum vector length =  623   Memory required =     2956 /   117667

 wR2 = 0.1362 before cycle   1 for     416 data and     67 /     67 parameters

 GooF = S =     1.207;     Restrained GooF =      1.207 for       0 restraints

 Weight = 1 / [ sigma^2(Fo^2) + ( 0.0256 * P )^2 +   7.33 * P ]   where  P = ( Max ( Fo^2, 0 ) + 2 * Fc^2 ) / 3


     N      value        esd    shift/esd  parameter

     1     0.15969     0.00140    -0.002    OSF
     2     0.57770     0.01279     0.002   FVAR  2 
     3     0.63822     0.01328    -0.003   FVAR  3 
     4     0.57942     0.01379    -0.001   FVAR  4 
     5     0.42843     0.00775    -0.001   FVAR  5 

 Mean shift/esd =   0.005  Maximum =     0.018 for   x  O6       

 Max. shift = 0.000 A for O6      Max. dU = 0.000 for O5           


 Least-squares cycle   2   Maximum vector length =  623   Memory required =     2956 /   117667

 wR2 = 0.1362 before cycle   2 for     416 data and     67 /     67 parameters

 GooF = S =     1.206;     Restrained GooF =      1.206 for       0 restraints

 Weight = 1 / [ sigma^2(Fo^2) + ( 0.0256 * P )^2 +   7.33 * P ]   where  P = ( Max ( Fo^2, 0 ) + 2 * Fc^2 ) / 3


     N      value        esd    shift/esd  parameter

     1     0.15969     0.00140     0.001    OSF
     2     0.57774     0.01279     0.004   FVAR  2 
     3     0.63817     0.01328    -0.004   FVAR  3 
     4     0.57941     0.01378    -0.001   FVAR  4 
     5     0.42842     0.00775    -0.001   FVAR  5 

 Mean shift/esd =   0.007  Maximum =     0.027 for   x  O6       

 Max. shift = 0.000 A for O6      Max. dU = 0.000 for O5           


 Least-squares cycle   3   Maximum vector length =  623   Memory required =     2956 /   117667

 wR2 = 0.1361 before cycle   3 for     416 data and     67 /     67 parameters

 GooF = S =     1.206;     Restrained GooF =      1.206 for       0 restraints

 Weight = 1 / [ sigma^2(Fo^2) + ( 0.0256 * P )^2 +   7.33 * P ]   where  P = ( Max ( Fo^2, 0 ) + 2 * Fc^2 ) / 3


     N      value        esd    shift/esd  parameter

     1     0.15969     0.00140     0.001    OSF
     2     0.57780     0.01279     0.004   FVAR  2 
     3     0.63812     0.01328    -0.004   FVAR  3 
     4     0.57940     0.01378    -0.001   FVAR  4 
     5     0.42842     0.00775     0.000   FVAR  5 

 Mean shift/esd =   0.008  Maximum =     0.033 for   x  O6       

 Max. shift = 0.000 A for O6      Max. dU = 0.000 for O5           


 Least-squares cycle   4   Maximum vector length =  623   Memory required =     2956 /   117667

 wR2 = 0.1361 before cycle   4 for     416 data and     67 /     67 parameters

 GooF = S =     1.206;     Restrained GooF =      1.206 for       0 restraints

 Weight = 1 / [ sigma^2(Fo^2) + ( 0.0256 * P )^2 +   7.33 * P ]   where  P = ( Max ( Fo^2, 0 ) + 2 * Fc^2 ) / 3


     N      value        esd    shift/esd  parameter

     1     0.15969     0.00140     0.001    OSF
     2     0.57788     0.01279     0.006   FVAR  2 
     3     0.63804     0.01328    -0.006   FVAR  3 
     4     0.57938     0.01378    -0.002   FVAR  4 
     5     0.42842     0.00775     0.000   FVAR  5 

 Mean shift/esd =   0.011  Maximum =     0.043 for   x  O6       

 Max. shift = 0.000 A for O6      Max. dU = 0.000 for O5           


 Least-squares cycle   5   Maximum vector length =  623   Memory required =     2956 /   117667

 wR2 = 0.1361 before cycle   5 for     416 data and     67 /     67 parameters

 GooF = S =     1.206;     Restrained GooF =      1.206 for       0 restraints

 Weight = 1 / [ sigma^2(Fo^2) + ( 0.0256 * P )^2 +   7.33 * P ]   where  P = ( Max ( Fo^2, 0 ) + 2 * Fc^2 ) / 3


     N      value        esd    shift/esd  parameter

     1     0.15969     0.00140     0.001    OSF
     2     0.57797     0.01279     0.008   FVAR  2 
     3     0.63794     0.01328    -0.007   FVAR  3 
     4     0.57934     0.01378    -0.003   FVAR  4 
     5     0.42844     0.00775     0.002   FVAR  5 

 Mean shift/esd =   0.016  Maximum =     0.058 for   x  O6       

 Max. shift = 0.001 A for O6      Max. dU = 0.000 for O5           


 Least-squares cycle   6   Maximum vector length =  623   Memory required =     2956 /   117667

 wR2 = 0.1361 before cycle   6 for     416 data and     67 /     67 parameters

 GooF = S =     1.206;     Restrained GooF =      1.206 for       0 restraints

 Weight = 1 / [ sigma^2(Fo^2) + ( 0.0256 * P )^2 +   7.33 * P ]   where  P = ( Max ( Fo^2, 0 ) + 2 * Fc^2 ) / 3


     N      value        esd    shift/esd  parameter

     1     0.15969     0.00140     0.002    OSF
     2     0.57811     0.01279     0.011   FVAR  2 
     3     0.63780     0.01328    -0.011   FVAR  3 
     4     0.57927     0.01377    -0.005   FVAR  4 
     5     0.42848     0.00775     0.005   FVAR  5 

 Mean shift/esd =   0.024  Maximum =     0.084 for   x  O6       

 Max. shift = 0.001 A for O6      Max. dU = 0.000 for O5           


 Least-squares cycle   7   Maximum vector length =  623   Memory required =     2956 /   117667

 wR2 = 0.1361 before cycle   7 for     416 data and     67 /     67 parameters

 GooF = S =     1.206;     Restrained GooF =      1.206 for       0 restraints

 Weight = 1 / [ sigma^2(Fo^2) + ( 0.0256 * P )^2 +   7.33 * P ]   where  P = ( Max ( Fo^2, 0 ) + 2 * Fc^2 ) / 3


     N      value        esd    shift/esd  parameter

     1     0.15970     0.00140     0.003    OSF
     2     0.57833     0.01279     0.017   FVAR  2 
     3     0.63760     0.01328    -0.016   FVAR  3 
     4     0.57915     0.01376    -0.009   FVAR  4 
     5     0.42855     0.00775     0.010   FVAR  5 

 Mean shift/esd =   0.039  Maximum =     0.130 for   x  O6       

 Max. shift = 0.001 A for O6      Max. dU = 0.000 for O5           


 Least-squares cycle   8   Maximum vector length =  623   Memory required =     2956 /   117667

 wR2 = 0.1360 before cycle   8 for     416 data and     67 /     67 parameters

 GooF = S =     1.205;     Restrained GooF =      1.205 for       0 restraints

 Weight = 1 / [ sigma^2(Fo^2) + ( 0.0256 * P )^2 +   7.33 * P ]   where  P = ( Max ( Fo^2, 0 ) + 2 * Fc^2 ) / 3


     N      value        esd    shift/esd  parameter

     1     0.15970     0.00139     0.004    OSF
     2     0.57865     0.01278     0.025   FVAR  2 
     3     0.63729     0.01326    -0.023   FVAR  3 
     4     0.57895     0.01375    -0.014   FVAR  4 
     5     0.42868     0.00774     0.017   FVAR  5 

 Mean shift/esd =   0.060  Maximum =     0.198 for   x  O6       

 Max. shift = 0.002 A for O6      Max. dU = 0.000 for O5           


 Least-squares cycle   9   Maximum vector length =  623   Memory required =     2956 /   117667

 wR2 = 0.1358 before cycle   9 for     416 data and     67 /     67 parameters

 GooF = S =     1.203;     Restrained GooF =      1.203 for       0 restraints

 Weight = 1 / [ sigma^2(Fo^2) + ( 0.0256 * P )^2 +   7.33 * P ]   where  P = ( Max ( Fo^2, 0 ) + 2 * Fc^2 ) / 3


     N      value        esd    shift/esd  parameter

     1     0.15972     0.00139     0.008    OSF
     2     0.57908     0.01276     0.034   FVAR  2 
     3     0.63687     0.01324    -0.031   FVAR  3 
     4     0.57875     0.01371    -0.015   FVAR  4 
     5     0.42883     0.00773     0.018   FVAR  5 

 Mean shift/esd =   0.075  Maximum =     0.246 for   x  O6       

 Max. shift = 0.003 A for O6      Max. dU = 0.000 for O5           


 Least-squares cycle  10   Maximum vector length =  623   Memory required =     2956 /   117667

 wR2 = 0.1355 before cycle  10 for     416 data and     67 /     67 parameters

 GooF = S =     1.201;     Restrained GooF =      1.201 for       0 restraints

 Weight = 1 / [ sigma^2(Fo^2) + ( 0.0256 * P )^2 +   7.33 * P ]   where  P = ( Max ( Fo^2, 0 ) + 2 * Fc^2 ) / 3


     N      value        esd    shift/esd  parameter

     1     0.15973     0.00139     0.012    OSF
     2     0.57946     0.01274     0.030   FVAR  2 
     3     0.63647     0.01320    -0.030   FVAR  3 
     4     0.57875     0.01366     0.000   FVAR  4 
     5     0.42883     0.00771     0.000   FVAR  5 

 Mean shift/esd =   0.053  Maximum =     0.170 for   x  O6       

 Max. shift = 0.002 A for O5      Max. dU = 0.000 for O5           


 Largest correlation matrix elements

    -0.706 U33 Si2 / U33 Si1                 0.627 U13 Si1 / U33 Si1                 0.593 U13 Al1 / U11 Al1
    -0.704 U33 Ca4 / U33 Na3                -0.624 U11 O4 / U11 O3                  -0.581 U11 Mg2 / U11 Al1
    -0.685 U13 Si2 / U13 Si1                 0.620 U13 Si2 / U33 Si2                 0.578 U13 Mg2 / U11 Mg2
     0.667 U13 Si1 / U11 Si1                 0.618 U12 Si2 / U23 Si2                 0.574 z O5 / x O5
     0.651 U13 Ca4 / U33 Ca4                -0.605 U11 Si2 / U11 Si1                -0.559 U22 Mg2 / U22 Al1
     0.637 U13 Si2 / U11 Si2                -0.599 U13 Mg2 / U13 Al1                 0.559 z O6 / x O6
     0.635 U13 Ca4 / U11 Ca4                -0.596 U13 Ca4 / U13 Na3                 0.559 U13 Mg2 / U33 Mg2
    -0.633 U33 Mg2 / U33 Al1                 0.593 U12 Si1 / U23 Si1                 0.555 U13 Al1 / U33 Al1



  om_P                                                                       

 ATOM           x         y         z          sof         U11       U22       U33       U23       U13       U12        Ueq

 Si1         0.53889   0.34894   0.22677     1.00000     0.00899   0.00763   0.00672  -0.00028   0.00413   0.00030    0.00739
   0.00758   0.00050   0.00032   0.00062     0.00000     0.00355   0.00160   0.00168   0.00108   0.00201   0.00119    0.00104

 Si2         0.53833   0.16021   0.73074     1.00000     0.00592   0.00571   0.00571  -0.00144   0.00155   0.00009    0.00579
   0.00703   0.00047   0.00030   0.00060     0.00000     0.00340   0.00149   0.00161   0.00105   0.00193   0.00115    0.00103

 Al1         0.25000   0.34606   0.75000     0.57946     0.01180   0.00367   0.00985   0.00000   0.00298   0.00000    0.00845
   0.00374   0.00000   0.00044   0.00000     0.01274     0.00493   0.00233   0.00233   0.00000   0.00257   0.00000    0.00175

 Mg2         0.25000   0.16056   0.25000     0.63647     0.00414   0.00830   0.00271   0.00000   0.00045   0.00000    0.00515
   0.00373   0.00000   0.00043   0.00000     0.01320     0.00470   0.00243   0.00204   0.00000   0.00234   0.00000    0.00168

 Na3         0.25000   0.55707   0.25000     0.57875     0.01376   0.00508   0.00262   0.00000  -0.00769   0.00000    0.00918
   0.00538   0.00000   0.00063   0.00000     0.01366     0.00615   0.00313   0.00299   0.00000   0.00316   0.00000    0.00215

 Ca4         0.25000   0.94699   0.75000     0.42883     0.01120   0.00895   0.01124   0.00000   0.00418   0.00000    0.01026
   0.00364   0.00000   0.00042   0.00000     0.00771     0.00391   0.00197   0.00212   0.00000   0.00229   0.00000    0.00137

 O1          0.36122   0.34151   0.12286     1.00000     0.00572
   0.01593   0.00104   0.00074   0.00137     0.00000     0.00131

 O2          0.36388   0.17575   0.65133     1.00000     0.01023
   0.01867   0.00115   0.00093   0.00150     0.00000     0.00148

 O3          0.61221   0.51253   0.31628     1.00000     0.00723
   0.01777   0.00115   0.00083   0.00147     0.00000     0.00157

 O4          0.60457   0.99176   0.81253     1.00000     0.01232
   0.01911   0.00125   0.00093   0.00161     0.00000     0.00185

 O5          0.60624   0.27189  -0.00334     1.00000     0.01033
   0.01905   0.00125   0.00080   0.00167     0.00000     0.00156

 O6          0.60440   0.23340   0.49204     1.00000     0.00801
   0.01836   0.00118   0.00080   0.00154     0.00000     0.00144



 Final Structure Factor Calculation for  om_P                                                                       

 Total number of l.s. parameters =    67  Maximum vector length =  623   Memory required =     2889 /    31773

 wR2 = 0.1354 before cycle  11 for     416 data and      0 /     67 parameters

 GooF = S =     1.199;     Restrained GooF =      1.199 for       0 restraints

 Weight = 1 / [ sigma^2(Fo^2) + ( 0.0256 * P )^2 +   7.33 * P ]   where  P = ( Max ( Fo^2, 0 ) + 2 * Fc^2 ) / 3

 R1 =  0.0598 for     413 Fo > 4sig(Fo)  and  0.0601 for all     416 data
 wR2 =  0.1354,  GooF = S =   1.199,  Restrained GooF =    1.199  for all data

 Occupancy sum of asymmetric unit =    10.22 for non-hydrogen and     0.00 for H and D atoms



 Principal mean square atomic displacements U

   0.0097   0.0077   0.0048   Si1  
   0.0073   0.0059   0.0042   Si2  
   0.0119   0.0098   0.0037   Al1  
   0.0083   0.0045   0.0026   Mg2  
   0.0235   0.0051  -0.0011   Na3   ** NON POSITIVE DEFINITE **
   0.0120   0.0098   0.0090   Ca4  

 ** Warning:     0  atoms may be split and     1  atoms NPD **



 Analysis of variance for reflections employed in refinement      K = Mean[Fo^2] / Mean[Fc^2]  for group


 Fc/Fc(max)       0.000    0.039    0.056    0.070    0.089    0.106    0.140    0.179    0.232    0.337    1.000

 Number in group        42.      43.      41.      43.      39.      43.      41.      41.      43.      40.

            GooF      2.017    1.150    1.077    0.908    1.026    1.153    0.827    0.916    1.048    1.414

             K        2.140    1.183    1.026    0.989    1.013    0.975    1.008    1.006    0.989    1.051


 Resolution(A)    0.53     0.64     0.71     0.78     0.86     0.94     1.02     1.16     1.34     1.68     inf

 Number in group        43.      41.      41.      42.      42.      41.      42.      41.      42.      41.

            GooF      1.273    1.188    1.063    1.033    1.017    1.299    1.214    1.185    1.142    1.506

             K        1.018    1.024    1.036    0.982    0.978    0.947    0.979    1.031    1.076    1.106

             R1       0.054    0.062    0.046    0.058    0.060    0.066    0.057    0.053    0.064    0.077


 Recommended weighting scheme:  WGHT      0.0251      7.3773
 Note that in most cases convergence will be faster if fixed weights (e.g. the
 default WGHT 0.1) are retained until the refinement is virtually complete, and
 only then should the above recommended values be used.



 Most Disagreeable Reflections (* if suppressed or used for Rfree).
 Error/esd is calculated as sqrt(wD^2/<wD^2>) where w is given by the weight
 formula, D = Fo^2-Fc^2 and <> refers to the average over all reflections.

     h   k   l          Fo^2          Fc^2    Error/esd  Fc/Fc(max)  Resolution(A)

    -6   2   4         79.56         12.66       3.76       0.026       1.08
   -11   9   4        194.79         77.60       3.61       0.064       0.61
    -3   4   1         46.25          2.02       3.61       0.010       1.74
    -4   1   5         44.29          1.67       3.51       0.009       1.01
    -4   5   3         51.73          6.44       3.25       0.018       1.15
     2   3   3         60.63          9.45       3.25       0.022       1.28
    -3   3   1      10127.78       7212.84       3.19       0.616       2.05
    -2   8   3       1439.70       1925.70       2.98       0.318       0.91
    -3   1   2         34.49          4.47       2.64       0.015       2.17
    -3   6   1         54.87         14.04       2.59       0.027       1.29
     0   4   7        305.70        191.51       2.49       0.100       0.67
     0   4   8        362.53        237.59       2.45       0.112       0.59
    -5   4   2         18.03          0.06       2.44       0.002       1.33
    -2   3   3         75.64         27.58       2.44       0.038       1.47
    -2   6   5        123.85         59.09       2.38       0.056       0.84
    -5  11   1        124.63        222.08       2.36       0.108       0.72
     5   7   1       2126.02       2541.17       2.33       0.365       0.96
    -4   3   5         38.80          7.09       2.19       0.019       0.96
     4   7   1         95.93         34.39       2.19       0.043       1.02
    -2   0   2       2063.92       1696.00       2.18       0.299       2.48
    -5   5   2         91.64         35.87       2.15       0.043       1.21
    -7  11   1        346.85        240.48       2.12       0.112       0.67
    -8  12   4        306.48        208.78       2.07       0.105       0.58
   -11   7   5        402.90        541.23       2.04       0.169       0.63
     1   3   7        210.46        134.84       1.98       0.084       0.67
    -5   2   3        141.65         73.80       1.96       0.062       1.36
    -1   2   3        107.75         57.38       1.92       0.055       1.59
    -1   3   3      15429.71      12937.51       1.92       0.825       1.47
     1   4   0         47.28        117.98       1.91       0.079       2.09
    -2   8   6        210.85        302.60       1.85       0.126       0.67
    -4   2   1       4264.51       3749.72       1.82       0.444       2.03
    -5   1   5        550.48        710.44       1.79       0.193       0.99
    -5   1   7        271.54        381.91       1.76       0.142       0.73
    -7  11   6        252.40        177.33       1.75       0.097       0.56
    -6   7   4        149.32         94.49       1.71       0.070       0.83
    -1   4   1         29.87          7.35       1.69       0.020       1.97
    -6   5   4         89.75         50.06       1.67       0.051       0.94
     1   5   4       2164.98       2427.76       1.66       0.357       0.97
    -2   6   3         47.26         21.03       1.60       0.033       1.10
    -5   3   1      13275.02      11379.58       1.60       0.773       1.56
    -2   2   3      15931.19      13100.79       1.60       0.830       1.59
    -8   2   7       1764.05       1989.08       1.60       0.323       0.68
    -1   1   5         16.46          3.26       1.59       0.013       1.01
    -3   9   3         48.21         89.51       1.59       0.069       0.83
     1   2   1         32.12         10.75       1.57       0.024       2.89
    -6  10   4       1057.64        882.30       1.57       0.215       0.68
    -3   1   6       1489.06       1702.46       1.54       0.299       0.86
     5   5   1        479.91        685.54       1.53       0.190       1.15
    -7   1   7        192.83        263.57       1.52       0.118       0.71
    -6   0   6       1686.05       1890.94       1.50       0.315       0.83



 Bond lengths and angles

 Si1 -       Distance       Angles
 O3        1.5736 (0.0090) 
 O1        1.5977 (0.0105)  117.43 (0.45)
 O5        1.6319 (0.0077)  110.47 (0.45) 108.48 (0.46)
 O6        1.6617 (0.0087)  105.12 (0.49) 111.16 (0.46) 103.25 (0.43)
 Na3_$1    2.9744 (0.0042)   50.81 (0.31) 132.73 (0.26) 118.48 (0.41)  54.32 (0.35)
 Mg2       3.1793 (0.0046)  138.37 (0.34)  34.67 (0.25) 109.08 (0.35)  77.67 (0.37) 117.28 (0.10)
 Ca4_$1    3.1981 (0.0044)  118.93 (0.39) 123.63 (0.29)  49.11 (0.30)  54.15 (0.27)  86.31 (0.13)  96.72 (0.12)
 Na3       3.2687 (0.0051)   78.37 (0.35)  40.68 (0.24) 137.70 (0.36) 114.41 (0.32)  99.41 (0.08)  63.68 (0.13) 160.11 (0.14)
               Si1 -         O3            O1            O5            O6            Na3_$1        Mg2           Ca4_$1       

 Si2 -       Distance       Angles
 O2        1.5723 (0.0110) 
 O4_$13    1.5826 (0.0094)  116.54 (0.49)
 O6        1.6492 (0.0075)  110.59 (0.46) 110.27 (0.44)
 O5_$9     1.6479 (0.0091)  107.28 (0.52) 106.17 (0.51) 105.23 (0.43)
 Ca4_$7    2.9947 (0.0039)  129.52 (0.28)  50.94 (0.34) 119.54 (0.39)  55.25 (0.35)
 Mg2       3.1099 (0.0042)   35.70 (0.26) 113.61 (0.40)  80.01 (0.36) 135.15 (0.42) 157.16 (0.14)
 Na3_$1    3.1151 (0.0053)  123.08 (0.34) 120.34 (0.42)  50.17 (0.29)  55.07 (0.28)  87.48 (0.12) 115.20 (0.12)
 Ca4_$13   3.2831 (0.0044)   41.77 (0.29)  75.30 (0.38) 135.87 (0.34) 115.27 (0.32)  98.29 (0.08)  59.27 (0.09) 162.37 (0.12)
               Si2 -         O2            O4_$13        O6            O5_$9         Ca4_$7        Mg2           Na3_$1       

 Al1 -       Distance       Angles
 O3_$1     1.8700 (0.0088) 
 O3_$4     1.8700 (0.0088)   99.08 (0.51)
 O1_$2     1.9137 (0.0077)   92.15 (0.33)  89.37 (0.34)
 O1_$9     1.9137 (0.0077)   89.37 (0.34)  92.15 (0.33) 177.66 (0.46)
 O2        1.9579 (0.0089)   89.08 (0.34) 170.02 (0.41)  84.56 (0.32)  93.69 (0.33)
 O2_$15    1.9579 (0.0090)  170.03 (0.41)  89.07 (0.34)  93.69 (0.34)  84.56 (0.32)  83.44 (0.50)
 Mg2       3.0314 (0.0022)   91.18 (0.20) 131.36 (0.27)  42.56 (0.24) 135.66 (0.24)  42.01 (0.26)  87.66 (0.22)
 Mg2_$9    3.0314 (0.0022)  131.36 (0.27)  91.18 (0.20) 135.66 (0.24)  42.56 (0.24)  87.66 (0.22)  42.01 (0.26) 116.65 (0.13)
 Na3_$9    3.1519 (0.0040)   86.28 (0.23)  47.11 (0.28) 135.22 (0.27)  46.65 (0.22) 140.04 (0.27)  95.23 (0.20) 176.61 (0.14)
 Na3       3.1519 (0.0040)   47.11 (0.28)  86.28 (0.23)  46.65 (0.22) 135.22 (0.27)  95.23 (0.20) 140.04 (0.27)  66.74 (0.10)
 Ca4_$13   3.4245 (0.0055)  130.46 (0.25) 130.46 (0.26)  88.83 (0.23)  88.83 (0.23)  41.72 (0.25)  41.72 (0.25)  58.33 (0.07)
               Al1 -         O3_$1         O3_$4         O1_$2         O1_$9         O2            O2_$15        Mg2          

 Mg2 -       Distance       Angles
 O4_$3     1.9769 (0.0097) 
 O4_$1     1.9769 (0.0097)   97.22 (0.53)
 O2_$2     2.0499 (0.0085)   91.18 (0.36)  93.64 (0.34)
 O2        2.0499 (0.0085)   93.64 (0.35)  91.18 (0.36) 172.71 (0.51)
 O1        2.0750 (0.0077)  167.18 (0.37)  90.82 (0.32)  78.32 (0.31)  96.16 (0.33)
 O1_$2     2.0750 (0.0077)   90.83 (0.32) 167.18 (0.37)  96.16 (0.33)  78.32 (0.31)  83.11 (0.41)
 Al1       3.0314 (0.0022)   92.53 (0.21) 130.56 (0.27) 134.61 (0.26)  39.73 (0.26)  89.76 (0.20)  38.59 (0.22)
 Al1_$5    3.0314 (0.0022)  130.56 (0.27)  92.53 (0.21)  39.73 (0.26) 134.61 (0.26)  38.59 (0.22)  89.76 (0.20) 116.65 (0.13)
 Si2_$2    3.1099 (0.0042)   69.35 (0.28) 110.58 (0.30)  26.59 (0.26) 153.43 (0.26)  98.51 (0.25)  81.58 (0.25) 118.19 (0.08)
 Si2       3.1099 (0.0042)  110.58 (0.30)  69.35 (0.28) 153.43 (0.26)  26.59 (0.26)  81.58 (0.25)  98.51 (0.25)  61.88 (0.07)
 Ca4_$12   3.1646 (0.0032)   84.69 (0.23)  47.68 (0.29)  48.09 (0.23) 137.86 (0.29)  93.50 (0.17) 143.68 (0.24) 176.28 (0.12)
 Ca4_$13   3.1646 (0.0032)   47.68 (0.29)  84.69 (0.23) 137.86 (0.29)  48.09 (0.24) 143.68 (0.24)  93.50 (0.17)  67.06 (0.08)
               Mg2 -         O4_$3         O4_$1         O2_$2         O2            O1            O1_$2         Al1          

 Na3 -       Distance       Angles
 O1_$2     2.3057 (0.0078) 
 O1        2.3057 (0.0078)   73.31 (0.39)
 O3_$3     2.3255 (0.0083)   83.99 (0.28)  72.10 (0.31)
 O3_$1     2.3254 (0.0083)   72.10 (0.31)  83.99 (0.28) 150.24 (0.44)
 O6_$1     2.4170 (0.0092)  132.03 (0.24) 121.60 (0.31) 142.71 (0.29)  65.58 (0.27)
 O6_$3     2.4170 (0.0092)  121.60 (0.31) 132.03 (0.24)  65.58 (0.27) 142.71 (0.29)  83.87 (0.44)
 O5_$4     2.5576 (0.0078)   88.67 (0.24) 160.73 (0.28) 113.55 (0.36)  83.99 (0.28)  65.96 (0.26)  63.48 (0.29)
 O5_$11    2.5576 (0.0078)  160.73 (0.28)  88.67 (0.24)  83.99 (0.28) 113.55 (0.36)  63.48 (0.29)  65.96 (0.26) 109.96 (0.37)
 Si1_$1    2.9743 (0.0042)  101.35 (0.21) 103.78 (0.24) 172.18 (0.22)  31.63 (0.21)  33.95 (0.19) 115.22 (0.26)  72.57 (0.27)
 Si1_$3    2.9743 (0.0042)  103.78 (0.24) 101.35 (0.21)  31.63 (0.21) 172.18 (0.22) 115.22 (0.26)  33.95 (0.19)  89.33 (0.25)
 Si2_$1    3.1151 (0.0053)  161.63 (0.21) 107.49 (0.21) 113.98 (0.20)  89.64 (0.24)  31.60 (0.18)  72.12 (0.26)  87.43 (0.25)
 Si2_$3    3.1151 (0.0053)  107.49 (0.21) 161.63 (0.21)  89.64 (0.24) 113.98 (0.20)  72.12 (0.26)  31.60 (0.18)  31.89 (0.20)
               Na3 -         O1_$2         O1            O3_$3         O3_$1         O6_$1         O6_$3         O5_$4        

 Ca4 -       Distance       Angles
 O4_$14    2.3450 (0.0093) 
 O4_$16    2.3450 (0.0092)  154.10 (0.43)
 O2_$6     2.3561 (0.0085)   81.14 (0.29)  77.32 (0.33)
 O2_$8     2.3561 (0.0085)   77.32 (0.33)  81.14 (0.29)  67.15 (0.42)
 O5_$4     2.4614 (0.0092)  139.92 (0.29)  64.97 (0.29) 137.20 (0.24) 122.54 (0.34)
 O5_$1     2.4614 (0.0092)   64.97 (0.29) 139.92 (0.28) 122.54 (0.34) 137.20 (0.24)  80.52 (0.44)
 O6_$4     2.6008 (0.0075)   84.93 (0.28) 110.81 (0.35) 158.27 (0.25)  93.61 (0.25)  61.27 (0.28)  64.68 (0.25)
 O6_$1     2.6008 (0.0075)  110.81 (0.35)  84.93 (0.28)  93.61 (0.25) 158.27 (0.25)  64.68 (0.25)  61.27 (0.27) 106.94 (0.33)
 Si2_$3    2.9947 (0.0039)  171.66 (0.22)  31.60 (0.22) 106.74 (0.22) 102.94 (0.25)  33.38 (0.20) 111.48 (0.23)  86.74 (0.22)
 Si2_$7    2.9947 (0.0039)   31.60 (0.22) 171.66 (0.22) 102.94 (0.25) 106.74 (0.22) 111.48 (0.23)  33.38 (0.20)  72.02 (0.25)
 Mg2_$10   3.1646 (0.0032)   38.56 (0.24) 121.49 (0.22)  78.29 (0.20)  40.36 (0.21) 138.59 (0.19)  97.69 (0.18)  80.42 (0.16)
 Mg2_$6    3.1646 (0.0032)  121.49 (0.22)  38.56 (0.24)  40.36 (0.21)  78.29 (0.20)  97.69 (0.18) 138.59 (0.19) 148.86 (0.23)
               Ca4 -         O4_$14        O4_$16        O2_$6         O2_$8         O5_$4         O5_$1         O6_$4        

 O1 -        Distance       Angles
 Si1       1.5977 (0.0105) 
 Al1_$5    1.9137 (0.0077)  123.88 (0.39)
 Mg2       2.0750 (0.0077)  119.35 (0.42)  98.85 (0.39)
 Na3       2.3057 (0.0077)  112.47 (0.38)  96.22 (0.35) 101.79 (0.32)
               O1 -          Si1           Al1_$5        Mg2          

 O2 -        Distance       Angles
 Si2       1.5723 (0.0110) 
 Al1       1.9579 (0.0089)  126.57 (0.54)
 Mg2       2.0499 (0.0085)  117.71 (0.40)  98.26 (0.43)
 Ca4_$13   2.3561 (0.0085)  111.83 (0.43) 104.71 (0.37)  91.55 (0.37)
               O2 -          Si2           Al1           Mg2          

 O3 -        Distance       Angles
 Si1       1.5736 (0.0090) 
 Al1_$1    1.8701 (0.0088)  142.28 (0.44)
 Na3_$1    2.3254 (0.0083)   97.56 (0.37)  96.80 (0.44)
               O3 -          Si1           Al1_$1       

 O4 -        Distance       Angles
 Si2_$6    1.5827 (0.0094) 
 Mg2_$1    1.9769 (0.0097)  142.76 (0.49)
 Ca4_$14   2.3450 (0.0092)   97.46 (0.40)  93.76 (0.44)
               O4 -          Si2_$6        Mg2_$1       

 O5 -        Distance       Angles
 Si1       1.6319 (0.0077) 
 Si2_$5    1.6479 (0.0090)  134.77 (0.70)
 Ca4_$1    2.4613 (0.0092)  100.81 (0.36)  91.37 (0.34)
 Na3_$11   2.5576 (0.0078)  119.57 (0.37)  93.04 (0.32) 114.65 (0.41)
               O5 -          Si1           Si2_$5        Ca4_$1       

 O6 -        Distance       Angles
 Si2       1.6492 (0.0075) 
 Si1       1.6617 (0.0087)  135.53 (0.65)
 Na3_$1    2.4170 (0.0092)   98.24 (0.34)  91.74 (0.34)
 Ca4_$1    2.6008 (0.0074)  119.22 (0.36)  94.66 (0.30) 114.66 (0.39)
               O6 -          Si2           Si1           Na3_$1       


 FMAP and GRID set by program

 FMAP   2   3  12
 GRID    -2.778  -2  -2     2.778   2   2

 R1 =  0.0598 for    416 unique reflections after merging for Fourier


 Electron density synthesis with coefficients Fo-Fc

 Highest peak    0.68  at  0.4122  0.3640  0.2344  [  0.66 A from O1 ]
 Deepest hole   -0.71  at  0.2500  0.9761  0.2500  [  1.51 A from O4 ]

 Mean =    0.00,   Rms deviation from mean =    0.19,   Highest memory used =     3153 /    12711


 Fourier peaks appended to .res file

              x       y       z       sof     U      Peak   Distances to nearest atoms (including eq.)

 Q1    1   0.4122  0.3640  0.2344   1.00000  0.05    0.68   0.66 O1  1.20 SI1  2.20 O3  2.22 O6
 Q2    1   0.5024  0.2039  0.0538   1.00000  0.05    0.67   1.24 O5  1.51 SI1  1.83 SI2  1.88 O1
 Q3    1   0.3411  0.3098  0.1698   1.00000  0.05    0.63   0.44 O1  1.65 MG2  1.82 SI1  2.12 AL1
 Q4    1   0.5469  0.4447  0.1932   1.00000  0.05    0.59   0.85 SI1  0.95 O3  1.89 O1  1.96 O5
 Q5    1   0.2703  0.3030  0.8354   1.00000  0.05    0.59   0.57 AL1  1.52 O1  1.68 O2  1.82 O2
 Q6    1   0.2309  0.2267  0.1958   1.00000  0.05    0.55   0.64 MG2  1.69 O1  1.74 O1  1.81 O2
 Q7    1   0.6196  0.1772  0.8873   1.00000  0.05    0.55   0.95 SI2  1.02 O5  1.63 O4  2.06 O6
 Q8    1   0.2926  0.1013  0.2287   1.00000  0.05    0.54   0.67 MG2  1.31 O4  2.08 O4  2.19 O2
 Q9    1   0.6712  0.3828  0.0042   1.00000  0.05    0.53   1.12 O5  1.75 NA3  1.93 SI1  2.15 O3
 Q10   1   0.6025  0.2220  0.0519   1.00000  0.05    0.52   0.52 O5  1.63 SI1  1.68 SI2  2.06 CA4
 Q11   1   0.6118  0.2703  0.5620   1.00000  0.05    0.51   0.47 O6  1.57 SI2  1.80 SI1  2.03 NA3
 Q12   1   0.7204  0.1771  0.4676   1.00000  0.05    0.50   1.23 O6  1.63 CA4  1.78 O5  2.33 SI1
 Q13   1   0.6384  0.4687  0.4543   1.00000  0.05    0.50   0.78 O3  1.60 NA3  1.64 SI1  2.06 O6
 Q14   1   0.6434  1.0114  0.8026   1.00000  0.05    0.50   0.42 O4  1.59 SI2  1.84 MG2  2.27 CA4
 Q15   1   0.3801  0.0749  0.7120   1.00000  0.05    0.50   0.92 O2  1.63 SI2  1.69 CA4  2.14 O4
 Q16   1   0.7500  0.1997  0.7500   0.50000  0.05    0.50   1.64 O6  1.98 SI2  2.09 NA3  2.18 O5
 Q17   1   0.4604  0.1972  0.6928   1.00000  0.05    0.49   0.77 SI2  0.89 O2  1.88 O5  1.94 O6
 Q18   1   0.2945  0.3794  0.7502   1.00000  0.05    0.48   0.50 AL1  1.38 O3  1.88 O1  1.98 O2
 Q19   1   0.5476  0.2761  0.3244   1.00000  0.05    0.48   0.79 SI1  0.95 O6  1.85 O1  1.92 O5
 Q20   1   0.5143  1.0194  0.5104   1.00000  0.05    0.48   1.57 O4  1.63 SI2  1.73 O4  1.96 SI2

 Shortest distances between peaks (including symmetry equivalents)

     20  20  0.42      6   6  0.57      1   3  0.80     18  18  0.83      5  18  0.85      5   5  0.86      8   8  0.88
      5  18  0.92      2  10  0.95      7  10  0.98      8  14  1.17      6   8  1.19     11  19  1.20      6   8  1.21
      3   6  1.29      3   6  1.31     15  17  1.31      4  13  1.39     12  16  1.42      1  19  1.43      7  12  1.47
      2  19  1.48     11  12  1.48      1   4  1.50     11  16  1.51      7  14  1.52      7  17  1.55      9  10  1.57
      7  16  1.58      2   7  1.59      4  19  1.60     14  20  1.65      3   5  1.67     10  19  1.69     10  12  1.73
     12  19  1.79      2  17  1.79      4   9  1.79      8  14  1.82     11  13  1.83     11  17  1.84      7  11  1.84
     14  20  1.88      9  13  1.88      7   9  1.88      1   6  1.89      3   8  1.89     13  18  1.89     13  19  1.89
     15  20  1.89      3  19  1.89     15  20  1.90     17  20  1.93     14  16  1.96     10  17  1.97      1   2  1.98
      2   3  1.99      9  12  2.02      1   6  2.03     12  14  2.05      4  18  2.08      3   3  2.09      5   6  2.10
      2  15  2.12     10  12  2.15      4   4  2.16      4  10  2.16      3  18  2.17      1   5  2.18     17  20  2.18
      8  20  2.19      2   4  2.19     14  14  2.21      3   4  2.22      3  18  2.26      2   9  2.27     17  18  2.28
      8  20  2.28      1  11  2.28      1  13  2.29     14  17  2.29      5  17  2.29      6  17  2.30      9  16  2.30
      1  13  2.30      5  17  2.31      2   5  2.31     10  14  2.31     11  20  2.32      6  14  2.32      3   8  2.33
      7  15  2.34      7  20  2.35      6  14  2.36      9  11  2.36     10  16  2.36      4  11  2.36     17  19  2.37
      9  18  2.38      5  15  2.38      5  15  2.38      9  11  2.39      8  15  2.40      8  15  2.41     13  18  2.41
     12  20  2.42      1  18  2.43     14  15  2.43     12  15  2.44      6  15  2.44      9  19  2.44     19  20  2.46
     12  12  2.46      5  13  2.48      4   9  2.49     12  14  2.50      9  18  2.51      5   6  2.51      1   9  2.51
      1   8  2.51      2  12  2.52     11  14  2.52      2  14  2.53      9  13  2.54      2   8  2.54      1  10  2.55
     16  19  2.55      9   9  2.55     15  15  2.57      7  11  2.58     10  11  2.59      7  12  2.59      1   3  2.59
      6  18  2.60      8  17  2.60      2  18  2.61      6  19  2.61     12  13  2.61     11  12  2.62      8  16  2.62
      5   8  2.63      2  12  2.63     10  15  2.64     16  17  2.64      7   8  2.65      2  14  2.67      7  19  2.67
     14  15  2.68      7  20  2.68      3  13  2.68      9  17  2.69      9  19  2.69      1  17  2.69     16  20  2.69
      3  13  2.69     14  15  2.70      1  18  2.70      4  18  2.71      4   9  2.71     11  20  2.73      8  12  2.73
      8  20  2.73      8  19  2.74      5  13  2.74     15  18  2.76      3  14  2.76     11  11  2.76      2  15  2.77
      3   9  2.78      3  11  2.78      3  10  2.78     19  20  2.79      4   5  2.79     12  20  2.80     13  16  2.80
     10  15  2.81     13  13  2.81      2  20  2.81      5   9  2.83      2   6  2.84      2   6  2.84      4  18  2.84
      6  18  2.85      8  17  2.85      6  17  2.86      1   4  2.86      6  20  2.86      8  20  2.88      8  12  2.88
      6  19  2.88      2   5  2.90      6  20  2.90      9  12  2.90     10  13  2.92      6  13  2.92     10  11  2.92
     17  18  2.93      4  12  2.94     10  10  2.94      1  13  2.94      4  13  2.94      4   5  2.95      4   7  2.97
     12  17  2.98      4   5  2.98      9  10  2.98      1   9  2.99      7  15  2.99      2  20  2.99      1   8  3.00


 Time profile in seconds
 -----------------------

      0.00: Read and process instructions
      0.00: Fit rigid groups
      0.00: Interpret restraints etc.
      0.00: Generate connectivity array
      0.00: Analyse DFIX and DANG restraints
      0.00: Analyse SAME and SADI restraints
      0.00: Generate CHIV restraints
      0.00: Check if bonds in residues restrained
      0.00: Generate DELU and RIGU restraints
      0.00: Generate SIMU restraints
      0.00: Generate ISOR restraints
      0.00: Generate NCSY restraints
      0.00: Analyse other restraints etc.
      0.00: Read intensity data, sort/merge etc.
      0.00: Set up constraints
      0.00: OSF, H-atoms from difference map
      0.00: Set up l.s. refinement
      0.00: Generate idealized H-atoms
      0.01: Structure factors and derivatives
      0.00: Sum l.s. matrices
      0.00: Generate and apply antibumping restraints
      0.00: Apply other restraints
      0.00: Solve l.s. equations
      0.00: Generate HTAB table
      0.01: Other dependent quantities, CIF, tables
      0.00: Analysis of variance
      0.00: Merge reflections for Fourier and .fcf
      0.00: Fourier summations
      0.00: Peaksearch
      0.00: Analyse peaklist

 ** WARNING: These times are only approximate for multiple threads.
             To get better estimates run with -t1 **

 +++++++++++++++++++++++++++++++++++++++++++++++++++++++++++++++++++++++++++++
 +  shelx         finished at 08:36:32   Total elapsed time:      0.06 secs  +
 +++++++++++++++++++++++++++++++++++++++++++++++++++++++++++++++++++++++++++++
